c:\users\looper\documents\visual studio 2015\projects\sudoku\sudoku\debug\vc140.pdb
c:\users\looper\documents\visual studio 2015\projects\sudoku\sudoku\debug\sudoku.pdb
c:\users\looper\desktop\sudoku\sudoku\sudoku\debug\vc140.pdb
c:\users\looper\desktop\sudoku\sudoku\sudoku\debug\vc140.idb
c:\users\looper\desktop\sudoku\sudoku\sudoku\debug\dlxgenerator.obj
c:\users\looper\desktop\sudoku\sudoku\sudoku\debug\dlxnode.obj
c:\users\looper\desktop\sudoku\sudoku\sudoku\debug\dlxsolver.obj
c:\users\looper\desktop\sudoku\sudoku\sudoku\debug\main.obj
c:\users\looper\desktop\sudoku\sudoku\sudoku\debug\sudokugenerator.obj
c:\users\looper\desktop\sudoku\sudoku\sudoku\debug\sudokuloader.obj
c:\users\looper\desktop\sudoku\sudoku\sudoku\debug\sudokusolver.obj
c:\users\looper\documents\visual studio 2015\projects\sudoku\debug\sudoku.lib
c:\users\looper\documents\visual studio 2015\projects\sudoku\debug\sudoku.ilk
c:\users\looper\documents\visual studio 2015\projects\sudoku\debug\sudoku.exe
c:\users\looper\documents\visual studio 2015\projects\sudoku\debug\lnk{b188426f-d6dd-40cf-812c-e5116fce7d52}.tmp
c:\users\looper\documents\visual studio 2015\projects\sudoku\debug\sudoku.pdb
c:\users\looper\desktop\sudoku\sudoku\debug\sudoku.ilk
c:\users\looper\desktop\sudoku\sudoku\debug\sudoku.exe
c:\users\looper\desktop\sudoku\sudoku\debug\lnk{7f0744e6-f426-4d3f-bb35-fbbd3d095a2c}.tmp
c:\users\looper\desktop\sudoku\sudoku\debug\sudoku.pdb
c:\users\looper\documents\visual studio 2015\projects\sudoku\debug\sudoku.exp
c:\users\looper\desktop\sudoku\sudoku\debug\sudoku.lib
c:\users\looper\desktop\sudoku\sudoku\debug\sudoku.exp
c:\users\looper\desktop\sudoku\sudoku\sudoku\debug\sudoku.idb
c:\users\looper\desktop\sudoku\sudoku\sudoku\debug\sudoku.pdb
c:\users\looper\desktop\sudoku\sudoku\sudoku\debug\sudoku.tlog\cl.command.1.tlog
c:\users\looper\desktop\sudoku\sudoku\sudoku\debug\sudoku.tlog\cl.read.1.tlog
c:\users\looper\desktop\sudoku\sudoku\sudoku\debug\sudoku.tlog\cl.write.1.tlog
c:\users\looper\desktop\sudoku\sudoku\sudoku\debug\sudoku.tlog\lib-link.read.1.tlog
c:\users\looper\desktop\sudoku\sudoku\sudoku\debug\sudoku.tlog\lib-link.write.1.tlog
c:\users\looper\desktop\sudoku\sudoku\sudoku\debug\sudoku.tlog\lib.command.1.tlog
c:\users\looper\desktop\sudoku\sudoku\sudoku\debug\sudoku.tlog\link.20092.delete.1.tlog
c:\users\looper\desktop\sudoku\sudoku\sudoku\debug\sudoku.tlog\link.command.1.tlog
c:\users\looper\desktop\sudoku\sudoku\sudoku\debug\sudoku.tlog\link.delete.1.tlog
c:\users\looper\desktop\sudoku\sudoku\sudoku\debug\sudoku.tlog\link.read.1.tlog
c:\users\looper\desktop\sudoku\sudoku\sudoku\debug\sudoku.tlog\link.write.1.tlog
c:\users\looper\desktop\sudoku\sudoku\sudoku\debug\sudoku.tlog\sudoku.write.1u.tlog
